# Time-averaged data for fix 1
# TimeStep Number-of-rows
# Row c_myChunk[1] c_myChunk[2] c_myChunk[3] c_myChunk[4]
10000 729
1 14.7919 2.59311 15.6989 33.0839
2 3.78208 9.84836 3.97968 17.6101
3 2.98197 2.35445 11.7967 17.1331
4 17.9576 2.92071 6.89267 27.771
5 26.8654 3.94053 15.7464 46.5523
6 1.93571 1.71402 3.06352 6.71326
7 6.94423 6.46806 2.78504 16.1973
8 3.45107 4.70884 15.3875 23.5474
9 10.14 3.5018 5.04266 18.6844
10 1.21585 1.25577 4.03152 6.50314
11 1.45776 1.63507 5.19743 8.29027
12 2.30631 5.39379 2.45789 10.158
13 11.2811 34.3449 4.38946 50.0154
14 17.0468 1.00657 7.85821 25.9116
15 2.93114 15.8058 5.06354 23.8005
16 20.7408 10.0457 0.878054 31.6645
17 18.8602 1.93988 10.2154 31.0155
18 1.3429 15.3187 1.99242 18.6541
19 3.29298 21.9276 6.5139 31.7345
20 16.2023 1.57168 6.00884 23.7828
21 10.9628 7.71027 9.46854 28.1416
22 9.5318 4.89958 1.64255 16.0739
23 39.5271 2.09936 8.12068 49.7471
24 78.1759 6.80057 7.00301 91.9794
25 10.9972 2.97331 12.421 26.3915
26 1.10186 0.583736 4.34753 6.03313
27 1.1845 4.34577 6.33619 11.8665
28 3.30039 6.80923 6.47165 16.5813
29 2.27355 46.4141 2.00811 50.6958
30 3.64148 18.1631 4.62285 26.4274
31 4.51609 13.5392 0.418871 18.4742
32 19.2584 2.30459 25.9343 47.4973
33 2.13272 3.28024 10.0883 15.5013
34 1.65115 1.41851 3.33807 6.40773
35 10.7691 3.08525 4.01881 17.8731
36 13.5255 36.7641 1.15858 51.4482
37 1.23218 15.6075 1.88911 18.7288
38 4.61835 57.3388 24.0275 85.9847
39 17.3646 5.53764 12.952 35.8542
40 7.82755 1.49603 14.0903 23.4139
41 10.5701 5.53067 2.16207 18.2628
42 21.2198 3.81884 4.91012 29.9488
43 9.14375 12.5042 9.18006 30.828
44 7.40046 15.9967 14.4541 37.8512
45 4.10137 8.48994 5.04896 17.6403
46 0.851728 3.91671 8.97483 13.7433
47 1.91787 5.80428 16.7152 24.4374
48 2.20277 7.89657 2.1526 12.2519
49 3.03857 4.17179 4.85455 12.0649
50 2.65243 15.6958 18.4822 36.8305
51 9.86309 3.40149 2.75167 16.0162
52 36.0495 21.0254 38.3112 95.3861
53 15.1265 2.12031 0.677449 17.9243
54 9.73828 16.2325 2.22447 28.1953
55 3.05667 7.78703 2.88729 13.731
56 12.2992 23.7885 22.5267 58.6144
57 3.2202 8.66121 3.48713 15.3685
58 7.68112 27.1337 3.25602 38.0708
59 1.54662 1.45433 6.15269 9.15363
60 16.9973 15.8136 3.3447 36.1555
61 14.106 7.66505 1.53867 23.3097
62 4.84276 20.6746 2.37261 27.89
63 6.06545 2.14326 101.752 109.961
64 1.82921 3.70111 5.57147 11.1018
65 6.26399 3.18025 1.74548 11.1897
66 5.8368 3.71432 9.8611 19.4122
67 1.60604 9.80849 2.13361 13.5481
68 0.440453 3.15479 12.6688 16.264
69 59.1265 20.2864 7.98555 87.3984
70 23.9018 0.909382 4.19434 29.0055
71 2.09773 2.82703 5.18464 10.1094
72 29.3695 3.27368 17.4469 50.0901
73 12.1563 3.74482 6.18572 22.0869
74 1.18656 1.50987 4.58611 7.28254
75 3.45166 4.87776 0.976392 9.30582
76 17.1695 7.90706 10.7088 35.7853
77 11.0983 2.45233 1.92543 15.4761
78 4.79336 3.09923 1.40315 9.29573
79 1.73834 0.80977 1.26695 3.81506
80 5.47395 13.5212 2.10209 21.0972
81 20.4683 4.51236 1.99348 26.9741
82 8.312 10.5703 15.9886 34.8709
83 2.87951 7.14673 11.7433 21.7695
84 21.2802 32.2833 19.9975 73.5611
85 5.78096 1.62103 1.24389 8.64588
86 3.16281 3.53765 1.27043 7.9709
87 3.0722 3.64868 2.56264 9.28352
88 8.9265 3.88292 1.34184 14.1513
89 19.6597 1.26683 18.3487 39.2752
90 1.65168 9.43221 11.2799 22.3638
91 11.1939 1.34307 7.64207 20.179
92 5.03739 24.4772 6.71798 36.2325
93 2.6881 1.89836 0.3919 4.97836
94 4.47675 5.81534 2.97584 13.2679
95 13.5968 23.2407 1.07992 37.9175
96 29.4451 2.83037 2.38183 34.6573
97 2.06569 19.633 9.93601 31.6347
98 5.66734 1.19248 12.0745 18.9343
99 5.00924 1.99727 6.91913 13.9256
100 8.71409 14.654 8.5817 31.9498
101 23.1922 2.43263 4.15647 29.7813
102 19.6558 64.1544 3.27977 87.09
103 1.62409 1.63658 14.4994 17.7601
104 8.91729 34.2752 6.09662 49.2891
105 1.72221 16.8028 12.4434 30.9684
106 2.86691 1.00296 1.04274 4.91261
107 12.8159 5.1424 4.38833 22.3466
108 13.389 8.01862 5.13985 26.5475
109 1.27097 8.52008 9.49319 19.2842
110 1.14565 3.03367 2.45939 6.6387
111 6.72886 3.70102 8.03501 18.4649
112 0.65176 2.39036 4.73126 7.77338
113 2.41564 5.22265 2.19018 9.82847
114 0.888833 4.16857 4.13397 9.19137
115 20.5415 3.26051 3.24362 27.0456
116 0.680539 2.72838 4.06286 7.47177
117 2.92827 3.69833 35.8425 42.4691
118 14.7655 30.3444 1.59247 46.7024
119 1.43007 9.19774 3.96524 14.593
120 2.04504 4.57285 22.8339 29.4518
121 6.08005 13.0998 0.925928 20.1057
122 4.26341 24.9209 7.00556 36.1899
123 18.4504 9.94056 7.80717 36.1982
124 2.25195 3.02119 22.879 28.1522
125 6.64816 16.2259 2.49951 25.3736
126 2.76208 17.1653 2.61095 22.5383
127 5.80613 1.30312 13.7396 20.8489
128 4.24193 2.31342 11.1848 17.7401
129 0.726713 2.22626 0.866014 3.81899
130 2.52906 1.33011 6.84283 10.702
131 5.29697 9.15067 9.97514 24.4228
132 22.0291 1.03565 7.89006 30.9548
133 0.993681 9.16744 15.8525 26.0137
134 5.36097 1.04923 1.46082 7.87102
135 1.64816 1.15818 14.0448 16.8511
136 5.80784 10.3302 2.32865 18.4666
137 23.7841 5.75271 0.949687 30.4865
138 7.15106 10.7048 5.07712 22.9329
139 0.651452 7.96228 6.8026 15.4163
140 0.872896 17.5808 8.83116 27.2849
141 3.49767 4.24969 2.97304 10.7204
142 1.72613 5.72705 1.33156 8.78475
143 1.36338 9.22404 2.60257 13.19
144 1.83709 1.24482 1.4228 4.50471
145 4.06213 8.20219 1.30541 13.5697
146 15.547 0.405247 1.29332 17.2456
147 5.56234 6.46687 7.22926 19.2585
148 12.127 15.3952 4.57027 32.0925
149 7.51408 6.47645 4.84802 18.8385
150 7.22475 16.0447 3.41333 26.6827
151 7.94794 7.11379 3.55745 18.6192
152 1.9576 1.68945 3.87237 7.51942
153 10.3463 1.42296 2.50247 14.2717
154 12.4086 10.6063 1.83075 24.8456
155 1.46442 29.0852 7.37807 37.9277
156 3.26572 1.90546 4.15483 9.326
157 6.88593 14.6599 3.72849 25.2744
158 61.7749 3.39566 3.61185 68.7824
159 3.3785 25.9732 3.28667 32.6384
160 3.07916 1.89906 1.94746 6.92568
161 32.119 4.71505 16.3611 53.1951
162 0.512558 5.14541 6.67854 12.3365
163 20.0636 31.3156 2.15775 53.5369
164 2.02607 1.66558 2.10948 5.80114
165 4.02579 1.89204 9.13129 15.0491
166 2.55528 2.34733 27.5065 32.4091
167 1.88955 1.7764 3.38421 7.05017
168 6.10507 2.62393 12.5028 21.2318
169 12.1196 4.94742 9.69831 26.7653
170 27.5506 6.88667 12.556 46.9932
171 0.997244 0.840549 1.67223 3.51002
172 23.2888 22.4326 4.57177 50.2932
173 0.92855 1.89015 25.7828 28.6015
174 1.45346 3.25195 4.96613 9.67154
175 2.20062 9.69225 19.0586 30.9514
176 21.3959 4.48304 3.89721 29.7762
177 4.99214 32.7658 11.7701 49.5281
178 33.2005 4.97111 3.29535 41.467
179 2.71132 4.26284 29.0826 36.0568
180 8.68839 0.30353 3.3056 12.2975
181 1.65155 8.03556 19.347 29.0341
182 4.2229 7.45686 28.2886 39.9684
183 5.88072 6.5442 1.12075 13.5457
184 5.92168 1.16201 26.6678 33.7515
185 5.60072 18.6874 3.01216 27.3003
186 19.1227 6.74177 1.47496 27.3394
187 2.29658 3.44381 6.3045 12.0449
188 7.34819 0.803174 0.486366 8.63773
189 1.53284 1.50119 9.02398 12.058
190 16.1441 4.92287 2.11129 23.1782
191 2.99006 13.9593 1.7012 18.6506
192 17.2603 5.43665 4.13888 26.8359
193 13.1106 1.29486 2.65209 17.0576
194 3.47648 1.02375 50.3293 54.8296
195 5.2501 3.05514 10.2457 18.5509
196 11.2731 1.88718 15.0038 28.1641
197 10.1509 3.47202 4.63747 18.2603
198 7.56774 2.16806 3.58382 13.3196
199 7.68558 13.0805 7.99483 28.7609
200 1.23823 2.93681 31.47 35.645
201 5.01853 2.95704 25.9088 33.8844
202 4.35664 4.16679 3.2749 11.7983
203 3.74563 2.02858 14.5565 20.3307
204 8.80312 1.70447 2.67971 13.1873
205 9.35531 1.57591 21.2136 32.1449
206 8.02047 2.97254 0.830687 11.8237
207 3.30912 0.69244 28.4704 32.472
208 2.41983 8.83882 0.859551 12.1182
209 2.74045 3.36897 11.4778 17.5872
210 58.6714 5.63112 2.75153 67.0541
211 17.1947 10.7371 4.25351 32.1853
212 3.15093 1.07668 12.8474 17.075
213 0.568012 0.570413 20.1898 21.3282
214 5.57485 1.74124 3.10971 10.4258
215 1.72219 6.33206 1.66691 9.72116
216 3.86184 2.46947 1.03986 7.37116
217 8.85327 1.51321 0.739287 11.1058
218 6.00516 39.6812 13.2127 58.8991
219 1.60234 8.58123 2.85696 13.0405
220 13.3298 1.30538 3.49699 18.1322
221 2.74426 0.484567 2.1449 5.37374
222 9.12457 3.32444 2.22892 14.6779
223 0.489257 3.27966 22.0701 25.839
224 3.88906 4.57819 4.82632 13.2936
225 2.86187 16.777 4.09168 23.7306
226 15.0012 12.28 3.43558 30.7168
227 1.97709 2.06403 6.76354 10.8047
228 1.75165 19.2808 2.91291 23.9454
229 0.8749 8.31808 2.39004 11.583
230 3.72166 2.19191 1.66601 7.57958
231 7.00193 12.7922 10.5315 30.3256
232 3.64508 8.50022 0.766216 12.9115
233 26.2869 2.42566 7.79035 36.5029
234 2.85067 12.6643 2.88016 18.3951
235 5.33578 9.50923 5.9655 20.8105
236 6.9885 3.49804 8.67407 19.1606
237 13.976 2.00596 10.9119 26.8938
238 6.28774 7.91665 1.42033 15.6247
239 1.7491 8.87237 3.84504 14.4665
240 0.975612 2.01654 4.45971 7.45185
241 1.93656 3.40367 40.899 46.2392
242 19.5633 4.05244 9.31819 32.9339
243 16.7373 3.04887 6.42589 26.2121
244 2.54433 2.07876 8.55888 13.182
245 1.85917 10.6406 1.38652 13.8863
246 4.0155 3.34068 10.931 18.2872
247 1.52279 0.974152 20.045 22.542
248 2.9919 3.39265 6.77707 13.1616
249 1.80544 1.34263 1.50067 4.64874
250 2.57486 7.00511 1.58816 11.1681
251 0.827651 28.4831 12.9278 42.2385
252 12.2047 4.5771 4.21354 20.9954
253 1.76134 2.03053 3.16993 6.9618
254 0.485931 3.63125 16.1925 20.3096
255 24.7425 1.33993 45.5191 71.6016
256 10.2027 4.99255 1.16901 16.3642
257 4.50737 11.4052 1.98473 17.8973
258 9.1761 17.9688 5.0453 32.1902
259 1.78461 8.42938 6.24088 16.4549
260 4.26027 40.4641 33.4356 78.1599
261 10.015 1.17749 2.71102 13.9035
262 10.8604 2.77853 6.30451 19.9434
263 1.90729 1.01202 7.3443 10.2636
264 6.91777 8.23556 6.61589 21.7692
265 21.8921 4.03255 5.52036 31.4451
266 4.57022 3.38594 3.55044 11.5066
267 3.0545 1.54652 1.72212 6.32314
268 10.9915 8.45338 4.29235 23.7372
269 28.3634 4.28755 2.28505 34.936
270 1.53044 1.7554 4.41147 7.69732
271 6.44225 5.60854 14.0964 26.1472
272 1.58303 20.0301 1.48605 23.0992
273 3.44208 11.6422 0.875197 15.9594
274 17.6375 1.64731 25.3005 44.5853
275 3.40083 2.79028 7.22066 13.4118
276 1.42278 1.92618 3.13355 6.48251
277 8.03304 10.1826 3.04907 21.2647
278 3.72284 2.79299 1.16942 7.68525
279 5.79708 10.2196 5.90533 21.922
280 14.8216 1.17003 1.9663 17.958
281 10.85 0.939145 1.25055 13.0397
282 5.02465 7.20697 6.38227 18.6139
283 2.67436 6.39964 5.63164 14.7056
284 4.97485 4.40557 1.66646 11.0469
285 1.65966 3.02534 0.836085 5.52109
286 4.03047 1.59402 0.680025 6.30452
287 3.56748 4.96971 3.69 12.2272
288 2.06909 4.83017 30.4366 37.3359
289 3.33925 3.03178 1.81362 8.18465
290 4.42121 0.553566 11.2584 16.2331
291 11.7936 1.5639 15.6311 28.9886
292 4.28707 12.9727 1.76687 19.0266
293 17.4757 22.4082 8.77724 48.6612
294 9.08022 4.15087 6.95582 20.1869
295 13.7187 7.92531 4.43576 26.0798
296 6.24865 4.16125 1.76082 12.1707
297 4.22782 6.26192 4.63223 15.122
298 5.92647 25.3517 2.79496 34.0731
299 4.53251 2.9301 1.89273 9.35534
300 21.1415 12.1417 1.27471 34.5579
301 11.756 10.7583 32.9203 55.4347
302 13.3545 1.67538 4.25831 19.2882
303 5.92177 13.6589 3.09457 22.6753
304 3.84986 4.03293 29.5727 37.4555
305 1.55339 4.90651 0.968474 7.42837
306 7.03423 6.63757 7.08329 20.7551
307 3.82811 1.10342 33.7136 38.6452
308 3.60916 2.5662 11.3744 17.5498
309 0.85857 5.40117 2.7268 8.98653
310 19.3254 5.7639 6.99059 32.0799
311 26.6624 43.2372 7.10031 77
312 1.24666 62.991 16.0875 80.3252
313 1.47936 10.03 3.09587 14.6052
314 55.9931 7.12804 19.9751 83.0962
315 6.58391 0.967724 6.09604 13.6477
316 2.0042 13.0665 1.39441 16.4651
317 15.6748 5.05356 5.61826 26.3466
318 8.77364 2.14014 2.58029 13.4941
319 0.711942 17.703 10.0989 28.5138
320 0.651133 1.05365 11.1518 12.8566
321 9.29801 4.13742 1.93427 15.3697
322 0.871292 15.8299 27.3869 44.0881
323 3.98666 8.01285 6.86336 18.8629
324 2.89444 20.9615 4.28048 28.1364
325 2.89436 12.8463 24.0838 39.8245
326 28.0616 2.33431 10.0052 40.4012
327 1.87339 25.2974 3.34282 30.5136
328 11.2023 10.4723 1.67952 23.3541
329 5.79957 2.47065 3.56455 11.8348
330 7.7603 24.4407 1.0852 33.2862
331 1.38666 4.57608 7.26432 13.2271
332 11.5144 6.52091 4.76802 22.8033
333 3.56107 4.79225 10.2769 18.6302
334 0.851269 1.46142 19.3414 21.6541
335 14.9681 2.10229 3.72665 20.797
336 0.930473 1.57613 0.979088 3.48569
337 1.0239 5.55902 5.23421 11.8171
338 22.2871 18.8088 14.6699 55.7658
339 0.491977 2.62584 0.700528 3.81834
340 3.80382 5.36849 4.18158 13.3539
341 0.592305 5.93144 7.34291 13.8667
342 4.10749 2.2416 2.29621 8.6453
343 1.50124 1.44111 21.0762 24.0186
344 12.3852 2.18747 4.77577 19.3484
345 1.78767 2.18129 1.03498 5.00394
346 14.3854 0.572275 1.35156 16.3093
347 5.11526 11.8606 4.18266 21.1585
348 1.35617 7.60738 4.13094 13.0945
349 1.24127 5.33687 12.3919 18.97
350 4.10401 1.51578 14.1642 19.784
351 0.807144 19.8708 1.26644 21.9444
352 1.66672 10.5534 1.17457 13.3947
353 2.09742 53.5438 0.696089 56.3373
354 9.25465 1.01956 10.7233 20.9975
355 29.4355 1.57214 3.33155 34.3392
356 1.04182 8.51502 13.1747 22.7316
357 2.49183 7.50381 3.88131 13.877
358 4.20182 18.6698 27.4017 50.2733
359 0.781146 1.43571 1.87488 4.09173
360 2.36057 20.2651 29.2204 51.846
361 0.867748 7.96083 9.54035 18.3689
362 1.19566 1.82409 18.3016 21.3213
363 0.365883 8.86315 10.27 19.4991
364 8.44959 6.29632 0.777803 15.5237
365 2.30248 10.9501 10.407 23.6596
366 18.84 12.2166 6.58749 37.6441
367 5.18524 1.8207 4.54462 11.5506
368 13.8804 17.0867 2.26472 33.2319
369 3.74447 4.02662 6.30747 14.0786
370 2.45114 4.68651 3.90487 11.0425
371 3.47094 35.1579 7.99058 46.6194
372 1.11768 1.93763 4.67233 7.72765
373 37.0383 4.02771 16.5865 57.6525
374 16.9021 1.65245 2.6309 21.1854
375 4.80854 37.8608 6.10386 48.7732
376 3.41126 22.8824 4.98138 31.275
377 5.28279 1.06598 12.1299 18.4787
378 3.57894 11.1662 5.37197 20.1172
379 1.11654 2.16183 0.939944 4.21831
380 0.498848 13.5634 13.8458 27.9081
381 12.0736 4.06141 0.528093 16.6631
382 3.70374 1.61894 3.16761 8.49029
383 9.27298 3.20903 12.2246 24.7066
384 12.9161 1.61562 4.15414 18.6859
385 15.5333 12.2793 22.7601 50.5726
386 7.65934 2.58731 6.46854 16.7152
387 0.635361 2.91045 7.37895 10.9248
388 3.60461 7.27217 10.0447 20.9215
389 1.35878 2.82545 22.1138 26.298
390 2.23725 2.13166 1.03168 5.4006
391 3.2036 4.49911 2.15232 9.85504
392 25.2176 5.7276 5.20901 36.1542
393 2.66657 1.25378 32.3909 36.3112
394 4.96833 3.67743 6.70161 15.3474
395 6.42534 3.25849 17.2368 26.9206
396 1.01734 4.17837 3.53168 8.72738
397 9.3073 45.9626 7.02614 62.2961
398 7.82908 25.9931 10.8877 44.7099
399 3.49118 1.2925 4.44368 9.22736
400 4.90961 14.1051 12.6204 31.6351
401 7.07903 4.17982 4.74057 15.9994
402 3.51624 3.83741 1.16905 8.5227
403 5.37609 0.55479 1.65587 7.58675
404 2.59802 25.1893 13.6236 41.411
405 2.22421 21.0478 15.5619 38.8339
406 2.59202 15.5063 10.1608 28.2592
407 0.786388 4.78097 6.05535 11.6227
408 22.5384 7.33636 2.60424 32.479
409 5.04407 7.10815 63.4391 75.5913
410 14.8537 4.14671 5.66245 24.6629
411 5.9949 18.2333 15.1189 39.3471
412 1.48432 1.25516 2.61975 5.35923
413 28.2597 1.64759 9.15674 39.0641
414 38.4021 9.72005 3.50173 51.6239
415 1.95348 7.81436 27.6934 37.4612
416 3.72673 27.4345 3.36941 34.5306
417 1.66262 27.9871 15.6284 45.2781
418 15.2579 11.9411 1.02468 28.2236
419 5.9502 31.8369 57.8997 95.6867
420 2.11492 2.87812 0.841159 5.8342
421 4.06622 9.13384 1.61463 14.8147
422 19.0823 1.54281 3.62353 24.2486
423 20.2357 1.04469 2.07723 23.3577
424 3.60935 14.7437 1.09007 19.4431
425 1.61693 5.52473 3.67319 10.8148
426 7.38918 2.30343 3.77161 13.4642
427 24.8599 0.411251 19.6056 44.8767
428 1.32793 1.12727 13.8102 16.2654
429 3.77829 1.41266 8.42052 13.6115
430 0.770205 5.10373 2.95567 8.82961
431 4.84312 9.99038 2.70228 17.5358
432 1.91353 1.93117 2.77604 6.62074
433 1.58126 3.92776 8.67019 14.1792
434 3.13885 26.1471 1.64361 30.9295
435 1.16205 17.7871 5.18992 24.139
436 4.2856 2.36449 6.3489 12.999
437 3.47923 21.4576 0.878926 25.8158
438 36.2774 27.2987 7.6554 71.2315
439 3.9773 10.2377 14.4114 28.6264
440 28.402 0.973495 9.15517 38.5307
441 11.7796 6.58658 9.73117 28.0973
442 9.61746 1.1993 10.5216 21.3383
443 4.99992 3.88719 6.65941 15.5465
444 10.1959 2.31816 10.6402 23.1543
445 8.16721 1.84444 11.1447 21.1563
446 6.26807 32.0357 8.16308 46.4668
447 24.4495 1.45992 5.32121 31.2306
448 0.362413 30.6173 3.03186 34.0116
449 2.08222 7.29462 14.5135 23.8903
450 1.46948 7.9538 4.4162 13.8395
451 11.3684 10.9366 36.712 59.017
452 4.18162 4.75438 2.09559 11.0316
453 1.77101 3.04257 1.56506 6.37864
454 0.575171 0.489505 31.0677 32.1324
455 15.3954 2.34845 5.65181 23.3957
456 4.0417 1.82235 1.10376 6.9678
457 1.80957 8.09101 10.8473 20.7479
458 4.46039 4.08503 1.96949 10.5149
459 2.06084 9.04481 3.99697 15.1026
460 0.980945 1.4296 13.7519 16.1624
461 2.21606 2.88843 17.93 23.0345
462 0.860508 14.3013 0.915425 16.0773
463 5.17382 3.31725 8.64838 17.1394
464 5.75663 5.75383 0.441263 11.9517
465 1.50157 7.18408 7.77629 16.4619
466 5.83487 15.8099 3.71183 25.3566
467 4.8878 15.0853 5.36203 25.3351
468 5.77008 5.38381 0.863168 12.0171
469 9.60887 1.16068 6.57795 17.3475
470 3.02928 25.1097 1.86686 30.0059
471 2.11062 8.91307 1.92311 12.9468
472 14.1199 14.8389 8.89403 37.8529
473 2.21456 30.998 4.53658 37.7491
474 2.66722 9.42154 6.30224 18.391
475 10.6752 7.78823 2.12642 20.5899
476 11.3547 16.3366 9.75671 37.448
477 34.9729 1.53847 88.509 125.02
478 1.79266 3.78433 6.17067 11.7477
479 13.5002 24.4787 3.8366 41.8155
480 2.69235 6.54586 3.08635 12.3246
481 43.968 11.0782 3.26784 58.3141
482 3.61053 0.621085 1.543 5.77462
483 2.14668 1.49964 1.59838 5.24469
484 1.94583 6.39373 7.29094 15.6305
485 9.36352 3.00556 14.0851 26.4542
486 2.0156 10.8341 1.16008 14.0097
487 1.64995 1.13269 0.568754 3.3514
488 16.9265 1.95081 1.05964 19.937
489 26.9002 6.4208 1.74044 35.0615
490 22.5463 4.08147 1.96466 28.5924
491 1.10834 2.74038 7.86463 11.7134
492 11.6546 1.14926 4.54397 17.3478
493 14.9373 17.6591 8.87076 41.4672
494 1.83873 12.06 9.07398 22.9727
495 8.84381 0.673802 2.48657 12.0042
496 6.54184 16.4505 7.13199 30.1243
497 5.74316 3.60265 14.5845 23.9304
498 2.91099 0.892772 2.35461 6.15837
499 6.96064 0.982959 1.68361 9.62722
500 14.977 1.24905 6.41481 22.6409
501 1.28897 9.96391 19.5028 30.7557
502 6.59931 11.2419 6.17241 24.0137
503 8.31427 25.8332 5.87051 40.018
504 19.3852 6.5879 36.8091 62.7823
505 21.3365 1.32733 1.89404 24.5579
506 1.42309 0.424729 18.4387 20.2865
507 12.3109 28.8695 21.056 62.2364
508 1.77363 0.662084 1.36455 3.80027
509 1.70049 5.12899 17.3839 24.2133
510 4.20468 2.2222 12.3508 18.7777
511 8.69015 1.81979 4.87201 15.382
512 5.1236 1.54207 35.346 42.0116
513 10.8168 11.8752 0.832256 23.5242
514 0.820304 7.82473 10.3866 19.0316
515 5.81384 2.06633 13.0055 20.8857
516 1.23572 1.05538 9.50224 11.7933
517 0.824749 8.02045 9.24608 18.0913
518 1.82811 1.93206 4.10659 7.86676
519 17.0226 12.6649 4.26933 33.9568
520 10.2907 3.75608 11.1242 25.171
521 1.41584 1.35402 7.20361 9.97346
522 6.92302 3.10363 9.50799 19.5347
523 13.8421 1.79333 9.76944 25.4049
524 2.0752 0.52223 0.638675 3.23611
525 0.863702 4.87253 33.0776 38.8138
526 3.79889 2.62698 17.1129 23.5388
527 12.5857 52.0016 27.6204 92.2077
528 9.16255 6.90971 4.63345 20.7057
529 23.0944 6.45025 0.997996 30.5426
530 5.33996 5.28438 8.0699 18.6942
531 1.49932 3.79426 1.20115 6.49473
532 3.21346 3.94933 3.76693 10.9297
533 2.35762 9.49855 2.30026 14.1564
534 12.6036 1.52192 7.36744 21.493
535 6.69641 0.773593 27.5733 35.0433
536 1.74081 6.58722 2.11669 10.4447
537 1.30195 1.15161 17.414 19.8676
538 3.28919 11.8912 5.0878 20.2682
539 13.8709 8.07381 2.26198 24.2067
540 4.20542 4.76565 1.77761 10.7487
541 4.5585 5.05344 4.94109 14.553
542 4.20739 6.64792 10.0568 20.9121
543 1.35072 0.918656 7.27263 9.542
544 13.0938 2.3301 7.59436 23.0183
545 8.2221 5.10582 1.26486 14.5928
546 22.3136 10.8207 5.07203 38.2064
547 17.26 3.52897 11.7656 32.5545
548 2.54085 1.42815 9.0884 13.0574
549 4.08746 4.92136 9.29922 18.308
550 21.8737 2.4637 5.52189 29.8593
551 1.39629 7.58718 1.79766 10.7811
552 0.676327 4.31547 0.674502 5.6663
553 1.58727 24.5826 6.85037 33.0202
554 32.0746 2.5691 3.32249 37.9661
555 14.6219 0.684837 26.6857 41.9925
556 2.6846 2.39587 4.22479 9.30525
557 17.0294 1.58681 2.64205 21.2583
558 1.11252 20.2918 35.229 56.6333
559 3.47189 5.38283 5.81929 14.674
560 1.10399 8.84213 7.4631 17.4092
561 5.63301 4.72039 8.29331 18.6467
562 2.41867 1.93756 0.683291 5.03952
563 5.98128 2.11386 1.81066 9.9058
564 3.89442 2.16443 0.904553 6.9634
565 7.3707 7.54324 4.83506 19.749
566 3.8589 2.69592 7.85722 14.412
567 14.6795 3.4207 4.07584 22.176
568 19.0714 2.58813 4.25926 25.9188
569 2.87451 4.11362 11.4455 18.4337
570 8.43314 2.13994 9.92003 20.4931
571 10.4941 10.45 11.9505 32.8946
572 5.24366 3.25316 10.6517 19.1485
573 2.38152 68.4142 11.0213 81.817
574 6.24655 1.59073 2.19052 10.0278
575 1.29837 1.90619 3.94411 7.14868
576 1.84414 3.67354 6.26117 11.7789
577 7.03872 1.84686 1.63181 10.5174
578 19.3943 2.63086 26.6659 48.691
579 2.40565 15.3477 9.17331 26.9266
580 1.65639 1.73768 0.885479 4.27955
581 7.30174 0.359434 23.0146 30.6757
582 4.30235 14.6861 21.613 40.6015
583 0.82692 0.963817 3.46171 5.25245
584 0.544806 2.52039 4.44429 7.50949
585 13.3246 9.44441 22.0523 44.8213
586 7.33498 5.59207 1.04546 13.9725
587 41.9312 1.19882 4.14974 47.2797
588 10.0559 3.87953 9.57529 23.5107
589 2.52137 8.07064 7.2827 17.8747
590 13.2422 0.939959 27.8006 41.9828
591 1.66399 3.96453 0.634546 6.26306
592 1.80779 0.916154 14.9514 17.6753
593 4.82249 36.0657 0.852535 41.7408
594 9.76081 2.0238 17.7384 29.523
595 3.15363 46.9939 9.567 59.7146
596 25.2118 7.74779 3.25921 36.2188
597 29.62 3.9197 25.7831 59.3228
598 31.2415 9.01098 14.3886 54.6411
599 11.1259 2.42733 1.80978 15.363
600 3.83865 10.968 3.32371 18.1303
601 3.10384 2.45501 2.3255 7.88435
602 7.29851 7.57331 6.38426 21.2561
603 15.4394 15.1757 8.68417 39.2992
604 2.41743 5.29392 32.0033 39.7147
605 22.4902 1.7025 1.64911 25.8418
606 36.9684 3.62708 6.39056 46.986
607 1.30521 24.9687 1.71361 27.9875
608 1.13815 1.79172 12.7921 15.722
609 2.10644 1.46256 20.3255 23.8945
610 23.9373 14.6546 1.12672 39.7186
611 9.71764 5.70894 3.00874 18.4353
612 25.0305 25.8205 7.46085 58.3118
613 7.01585 8.85013 3.23493 19.1009
614 6.9068 1.37561 0.551901 8.83431
615 1.01542 2.47723 2.49482 5.98748
616 15.4408 5.05098 1.61845 22.1102
617 23.0643 1.98129 10.6334 35.679
618 61.8769 12.6926 5.5481 80.1175
619 1.41326 3.10926 1.01476 5.53728
620 8.17419 4.85509 2.00687 15.0362
621 0.974558 17.372 17.0734 35.42
622 9.46565 4.18379 1.35501 15.0045
623 4.38914 3.37925 1.78885 9.55724
624 4.87971 20.1991 10.1067 35.1855
625 3.7637 2.57163 11.981 18.3163
626 1.7453 1.47362 2.26687 5.48579
627 1.94804 6.655 6.02585 14.6289
628 1.93902 2.80037 2.10911 6.84851
629 7.55967 107.422 3.10267 118.084
630 1.40402 3.75253 1.90035 7.05689
631 28.4833 69.4511 3.18031 101.115
632 2.2767 20.3867 6.0287 28.6921
633 13.5364 3.77814 27.649 44.9635
634 14.178 4.45754 4.17044 22.8059
635 3.65833 5.7316 3.27153 12.6615
636 0.800688 0.814288 5.00897 6.62394
637 2.15526 25.6851 1.98524 29.8256
638 1.29842 2.70627 9.05743 13.0621
639 16.6562 25.8828 26.3113 68.8503
640 3.03762 1.95845 1.05531 6.05138
641 6.51715 7.61312 22.7358 36.866
642 9.24408 40.3342 3.2389 52.8172
643 0.97876 10.9835 8.01725 19.9795
644 17.0001 20.9089 5.38455 43.2936
645 15.4638 15.1264 1.24975 31.8399
646 2.75361 4.61046 2.42788 9.79196
647 20.4847 18.368 1.17297 40.0256
648 7.43778 1.5332 2.17482 11.1458
649 1.11378 5.06912 17.4228 23.6057
650 3.49024 2.32373 17.6572 23.4712
651 24.3321 3.81702 5.35121 33.5003
652 11.3935 6.10772 4.43915 21.9404
653 7.43444 1.5164 1.69673 10.6476
654 6.0007 12.7565 4.40655 23.1637
655 12.3017 6.36716 2.33071 20.9996
656 5.23774 13.6943 14.0423 32.9743
657 7.0735 1.73541 2.29192 11.1008
658 5.00267 7.56947 7.4206 19.9927
659 2.76061 2.84932 16.7514 22.3614
660 6.12559 3.30781 2.47421 11.9076
661 27.2084 3.08356 7.97304 38.265
662 8.73244 1.89822 2.12389 12.7546
663 0.8344 13.1416 4.92299 18.899
664 2.81639 49.1399 14.2864 66.2427
665 4.93493 6.45139 28.2494 39.6357
666 1.32887 0.948389 0.735077 3.01233
667 2.17151 6.78479 2.36603 11.3223
668 11.8103 7.12835 18.3333 37.2719
669 4.58419 2.55212 6.50762 13.6439
670 26.7551 2.4168 3.63562 32.8075
671 10.6246 13.361 1.01841 25.004
672 15.7039 6.4946 34.7522 56.9507
673 5.45004 15.5182 44.9812 65.9495
674 31.2646 9.02031 9.70314 49.988
675 3.58508 17.5483 30.6828 51.8161
676 6.85823 8.14296 4.41063 19.4118
677 8.35928 2.16786 1.55633 12.0835
678 1.77379 2.72768 19.3959 23.8974
679 9.21361 6.92003 5.65279 21.7864
680 2.71269 12.9778 2.00913 17.6996
681 1.44413 3.38438 12.8795 17.708
682 4.04973 17.2546 1.7839 23.0882
683 10.7043 4.02456 7.24307 21.9719
684 1.29801 1.91581 7.76201 10.9758
685 1.41525 2.74832 36.2854 40.449
686 6.94332 1.776 7.6102 16.3295
687 49.5622 2.36923 2.55817 54.4896
688 4.74052 43.0597 6.82297 54.6231
689 2.10071 2.00449 5.93703 10.0422
690 1.22013 29.7059 1.8157 32.7417
691 0.668631 4.67474 5.83989 11.1833
692 8.71684 1.93697 5.12663 15.7804
693 7.13516 7.23537 0.575594 14.9461
694 1.44051 1.31895 0.701468 3.46093
695 24.5643 1.17346 7.08328 32.821
696 1.33554 4.55722 23.7172 29.61
697 2.26621 14.0081 4.49141 20.7657
698 3.41141 18.9763 3.57054 25.9582
699 3.90036 14.1223 7.00987 25.0325
700 4.32031 8.08348 10.7895 23.1933
701 1.47973 1.86525 5.5611 8.90608
702 1.68145 35.2396 1.65904 38.5801
703 37.3775 28.0629 7.33064 72.7711
704 11.9253 9.4816 1.75324 23.1601
705 2.99527 4.50789 24.5014 32.0046
706 1.05625 2.20776 41.2551 44.5191
707 0.790872 43.4396 7.45813 51.6886
708 6.75628 2.47806 5.68926 14.9236
709 5.21808 4.61489 5.9212 15.7542
710 2.93145 2.27143 1.04859 6.25146
711 29.977 28.7871 14.8381 73.6022
712 1.26322 1.87766 6.41944 9.56032
713 17.358 4.25757 8.43761 30.0532
714 2.03187 7.18232 2.6716 11.8858
715 6.99297 0.853082 3.15355 10.9996
716 16.4389 2.4857 2.76701 21.6916
717 10.6891 4.01583 6.94481 21.6497
718 1.26853 2.75438 1.70013 5.72305
719 7.68048 1.92779 17.7015 27.3097
720 8.78282 11.127 7.16521 27.075
721 5.14064 4.7943 2.10784 12.0428
722 7.42749 2.61546 18.1132 28.1562
723 11.1993 5.37533 1.81528 18.3899
724 0.544391 1.8337 2.53092 4.909
725 14.8476 20.5404 35.7738 71.1618
726 1.99672 2.85583 2.40251 7.25506
727 4.29013 0.834236 3.99683 9.12119
728 1.73234 7.38885 4.87924 14.0004
729 5.19683 2.89671 4.29696 12.3905
20000 729
1 3.87709 2.25792 107.751 113.886
2 3.98997 19.7646 1.71989 25.4744
3 8.23312 2.66431 30.8461 41.7435
4 104.143 16.293 39.2389 159.675
5 11.5914 8.93568 21.8791 42.4062
6 2.2779 1.99112 1.84116 6.11018
7 40.0955 4.39182 50.5883 95.0757
8 8.95956 27.8489 24.7277 61.5362
9 1.51834 88.9612 44.8525 135.332
10 6.16709 3.80371 5.36439 15.3352
11 7.5183 4.94174 51.8544 64.3145
12 1.47534 2.45305 23.0342 26.9626
13 36.7213 60.815 6.34205 103.878
14 14.5734 1.11076 7.2207 22.9049
15 8.86885 4.11695 8.57915 21.565
16 178.806 29.1333 3.58129 211.521
17 84.045 59.9907 13.6558 157.692
18 9.53356 110.79 7.40832 127.731
19 9.77165 63.1298 4.51108 77.4125
20 17.9434 5.74953 2.12069 25.8136
21 8.31058 2.02292 12.2724 22.6059
22 52.3774 39.3459 8.25289 99.9762
23 105.191 8.76625 19.9136 133.871
24 87.1637 24.8203 23.172 135.156
25 16.9492 2.80809 5.89113 25.6485
26 11.1656 2.58905 5.03517 18.7898
27 17.7337 3.2818 8.64452 29.66
28 2.15828 105.488 2.60776 110.254
29 5.17691 6.33003 1.77772 13.2847
30 48.1469 16.2467 5.29977 69.6934
31 3.55459 53.8318 9.79215 67.1786
32 53.1631 1.25529 23.3772 77.7956
33 4.12238 4.47425 1.84054 10.4372
34 13.1259 5.2212 18.7948 37.1419
35 13.1706 3.20591 4.06497 20.4415
36 6.58818 42.5165 0.825741 49.9304
37 5.2183 34.4709 0.391316 40.0805
38 73.3103 61.6612 9.69054 144.662
39 53.0645 6.30363 3.53443 62.9025
40 15.9598 17.5093 63.1346 96.6037
41 132.37 19.6308 5.39085 157.392
42 32.4187 1.21872 26.0839 59.7213
43 4.92661 24.2008 14.596 43.7234
44 5.49379 16.2292 23.0729 44.7958
45 18.8895 1.94646 3.47052 24.3065
46 8.73643 1.12813 6.62205 16.4866
47 10.8371 15.5645 21.0741 47.4756
48 10.1384 9.33282 11.9353 31.4065
49 40.9648 19.9272 24.5653 85.4573
50 6.63169 17.8462 28.5868 53.0648
51 34.4138 4.22693 34.3057 72.9465
52 64.5887 124.684 82.203 271.476
53 54.4208 9.9016 6.36792 70.6903
54 21.3085 18.9516 15.7011 55.9612
55 2.22691 71.0432 23.2063 96.4763
56 106.568 111.256 30.527 248.351
57 25.0064 4.12846 29.285 58.4199
58 1.66829 4.41306 4.76705 10.8484
59 2.58815 43.8882 19.3015 65.7778
60 12.6346 49.5167 17.5246 79.6759
61 122.426 4.36294 14.51 141.299
62 0.777244 12.7001 19.9406 33.4179
63 15.1278 8.09263 77.5659 100.786
64 9.90109 24.9039 9.92785 44.7328
65 8.65589 22.9303 2.82511 34.4113
66 21.9844 24.5796 14.6047 61.1687
67 1.51282 24.5918 3.46571 29.5703
68 10.2929 6.42898 18.3088 35.0306
69 132.229 26.6648 7.43949 166.334
70 14.2616 10.4892 2.70216 27.453
71 4.40615 15.4959 3.6043 23.5064
72 39.9139 5.00541 21.3185 66.2378
73 27.801 4.47334 10.2575 42.5318
74 0.83998 11.2685 1.12942 13.2379
75 4.4118 4.81172 2.46594 11.6894
76 28.2332 22.3473 7.30655 57.8871
77 35.5029 15.2964 0.378888 51.1782
78 9.96409 29.3297 3.70815 43.0019
79 3.13574 7.68869 1.41517 12.2396
80 2.24167 35.3378 3.72029 41.2998
81 41.0333 0.735775 4.52536 46.2944
82 43.6855 71.1521 69.5837 184.421
83 1.48728 4.28749 2.48518 8.25994
84 106.054 30.8174 31.1596 168.031
85 3.72273 1.42062 1.9452 7.08855
86 10.8982 6.6449 3.45083 20.994
87 27.0097 8.02549 19.1545 54.1897
88 63.4979 105.873 3.50473 172.875
89 31.0581 0.690976 2.67464 34.4237
90 36.505 92.5891 23.9243 153.018
91 14.1513 4.13303 6.85994 25.1442
92 31.9663 58.0009 18.4169 108.384
93 28.1354 16.9561 4.50116 49.5927
94 3.38359 26.8177 53.7711 83.9723
95 19.8955 24.7729 0.748664 45.417
96 47.0285 6.42238 25.4546 78.9055
97 4.44666 3.29617 26.1351 33.8779
98 3.93468 3.05159 78.3509 85.3372
99 19.5191 0.697902 4.23011 24.4471
100 7.75484 1.5053 4.24396 13.5041
101 102.421 2.18952 13.4881 118.099
102 37.6813 59.1914 7.06016 103.933
103 4.05316 2.95315 56.3404 63.3467
104 13.1938 38.3801 55.4367 107.011
105 23.5848 98.2349 35.448 157.268
106 4.76595 4.96835 4.92472 14.659
107 22.8315 20.6421 57.0515 100.525
108 1.89867 1.48381 12.4905 15.873
109 2.79403 12.1755 19.0622 34.0318
110 53.5513 24.2587 8.18714 85.9971
111 19.7972 1.96475 50.6186 72.3805
112 1.20887 5.89159 9.37197 16.4724
113 9.40608 6.76095 1.33803 17.5051
114 28.7747 5.82929 3.30616 37.9101
115 13.1634 3.69705 2.72253 19.583
116 4.08839 3.12566 52.167 59.381
117 34.9405 2.4979 23.2007 60.6391
118 84.751 127.398 7.99197 220.141
119 3.04841 11.3144 5.61568 19.9785
120 2.51497 41.5556 78.5148 122.585
121 2.03248 92.2607 2.58779 96.881
122 8.21548 88.0899 5.26733 101.573
123 93.1935 12.7446 42.0036 147.942
124 0.974369 20.5498 88.6601 110.184
125 46.9514 37.8408 2.33335 87.1256
126 3.31068 41.7935 1.72688 46.8311
127 64.8627 5.04086 59.9083 129.812
128 12.7701 2.76113 27.7242 43.2554
129 3.26035 4.00735 36.332 43.5997
130 1.3369 7.17254 12.0714 20.5809
131 35.7063 49.4677 39.5441 124.718
132 4.21256 1.51844 6.82291 12.5539
133 0.889025 5.86195 49.2375 55.9885
134 2.24419 2.46908 3.25819 7.97146
135 3.46017 7.65865 4.47949 15.5983
136 58.1221 2.3723 13.2014 73.6958
137 63.7711 82.3914 26.0886 172.251
138 62.1602 14.5316 45.6011 122.293
139 8.10895 3.48972 17.3801 28.9788
140 12.0478 10.967 7.42445 30.4392
141 4.37472 45.5257 8.57378 58.4742
142 10.2187 64.3247 42.8351 117.378
143 16.2425 14.6961 40.5842 71.5228
144 3.59438 7.91446 0.680972 12.1898
145 60.0361 85.2549 3.62652 148.917
146 9.23308 2.19543 24.4655 35.894
147 14.4118 14.2627 37.9723 66.6469
148 114.289 4.43362 2.93501 121.658
149 5.7119 5.08524 23.5326 34.3298
150 12.189 38.3536 1.4786 52.0212
151 1.16483 10.9529 7.08073 19.1984
152 4.00676 2.92396 6.17646 13.1072
153 43.8616 15.2609 6.8186 65.9411
154 75.536 5.53513 12.8169 93.888
155 5.94817 29.6752 11.8738 47.4971
156 6.17032 4.08887 4.10418 14.3634
157 18.9403 52.7831 5.53671 77.2601
158 74.3609 2.63705 36.0974 113.095
159 21.2295 69.9639 4.4571 95.6505
160 23.9072 9.98101 7.39261 41.2808
161 98.6861 15.6585 97.1252 211.47
162 2.95455 9.15528 21.0476 33.1574
163 5.58475 102.301 4.53052 112.416
164 8.36335 16.387 14.2562 39.0065
165 5.87698 1.8854 18.0077 25.7701
166 8.14411 2.18524 23.6364 33.9658
167 4.59593 18.4493 6.78007 29.8253
168 12.8896 13.8058 17.0137 43.7091
169 5.99458 27.0686 0.884748 33.9479
170 44.0451 13.4688 41.0062 98.5201
171 15.2333 2.32989 13.124 30.6872
172 91.4553 7.49697 12.8566 111.809
173 5.58208 54.3384 55.005 114.925
174 20.156 2.76818 52.1563 75.0805
175 1.26377 4.29702 5.75767 11.3185
176 73.1383 0.536322 62.2466 135.921
177 3.21311 2.75315 0.941024 6.90728
178 16.425 0.594488 8.00665 25.0261
179 7.22425 13.6327 72.131 92.9879
180 12.669 8.877 10.0628 31.6087
181 1.01172 5.60045 27.3744 33.9866
182 23.8966 5.91454 51.2851 81.0963
183 9.32161 11.3903 19.2071 39.919
184 2.55417 2.61715 9.34657 14.5179
185 1.10344 3.06105 8.9584 13.1229
186 43.6661 6.18977 17.6577 67.5136
187 34.3625 1.93822 10.7109 47.0117
188 30.2459 3.05784 16.9254 50.2291
189 3.78008 3.28717 4.54115 11.6084
190 8.88175 30.9666 4.11237 43.9607
191 3.74482 64.0334 2.63168 70.4099
192 9.27307 5.07111 2.34488 16.6891
193 14.0172 1.54736 49.4046 64.9692
194 4.48068 14.7989 129.728 149.007
195 49.2672 0.721297 0.571888 50.5604
196 29.7289 14.0006 11.4946 55.224
197 7.74997 40.2884 4.03022 52.0686
198 1.81577 3.7623 30.503 36.0811
199 1.05094 38.4854 44.127 83.6633
200 2.34227 6.88684 19.2001 28.4292
201 7.84204 6.17381 129.863 143.879
202 43.5602 4.28652 61.7478 109.594
203 25.654 25.8149 17.5423 69.0112
204 3.16154 2.408 24.0513 29.6209
205 11.6973 5.02593 33.4869 50.2101
206 21.1746 7.48134 3.19195 31.8479
207 6.16252 27.9167 12.6856 46.7648
208 3.80279 39.7279 2.59302 46.1237
209 12.8688 28.1601 9.43816 50.467
210 82.862 16.225 1.1837 100.271
211 5.83404 6.6222 2.75982 15.2161
212 0.525249 0.808879 5.21392 6.54805
213 9.50491 5.51415 12.0687 27.0878
214 52.969 21.4792 63.2858 137.734
215 8.98842 72.2596 12.3222 93.5702
216 47.3761 8.79557 4.31051 60.4822
217 2.43481 6.88179 1.32107 10.6377
218 29.3382 74.5695 15.106 119.014
219 5.26442 19.9894 18.0021 43.2559
220 65.8792 0.965226 29.6885 96.533
221 30.9929 0.710347 9.07324 40.7765
222 1.78471 10.4576 3.56742 15.8097
223 6.05584 19.3539 73.6588 99.0686
224 31.1515 7.47202 2.76713 41.3906
225 16.2082 109.025 17.8231 143.056
226 25.5205 5.04395 8.87774 39.4422
227 15.6801 11.8677 6.78386 34.3317
228 7.15294 8.53688 61.455 77.1449
229 1.20588 8.99902 0.430794 10.6357
230 6.40929 22.1023 7.0264 35.538
231 7.01295 6.58894 29.903 43.5049
232 1.28882 15.9135 10.9759 28.1782
233 20.2826 29.0669 45.2308 94.5803
234 14.6399 12.9076 20.9346 48.4822
235 16.2318 32.7113 5.27945 54.2226
236 3.61432 1.81766 35.1143 40.5462
237 27.9933 2.1068 25.4928 55.5929
238 9.47045 18.7307 18.0971 46.2982
239 4.56455 2.23886 10.1604 16.9639
240 3.32416 28.4902 6.15135 37.9657
241 3.17209 40.8901 72.7404 116.803
242 103.45 4.403 10.105 117.958
243 10.6977 8.52078 17.0956 36.314
244 6.47721 8.07856 6.59553 21.1513
245 5.71435 11.4017 2.75938 19.8754
246 1.58157 2.68085 21.2798 25.5422
247 6.6463 1.52391 50.5807 58.7509
248 2.89664 8.30028 9.73598 20.9329
249 3.35308 5.65813 29.9143 38.9255
250 4.93375 3.65409 5.12417 13.712
251 34.7619 15.7542 77.4543 127.97
252 1.89019 26.7872 26.6333 55.3107
253 10.399 13.9651 4.90428 29.2685
254 10.0216 3.48797 5.67382 19.1834
255 96.8706 9.27855 114.688 220.837
256 0.818772 1.61216 34.4638 36.8947
257 2.17802 9.26568 15.7057 27.1494
258 6.23956 13.7436 29.7696 49.7527
259 1.37401 55.1277 6.63208 63.1338
260 2.40198 29.1008 14.8839 46.3868
261 23.5055 10.7037 13.4941 47.7033
262 9.294 30.5231 26.2097 66.0268
263 6.61223 25.8333 29.2407 61.6863
264 3.81835 6.02429 13.7534 23.596
265 10.4574 12.4182 1.6615 24.5371
266 61.7684 25.2395 25.4373 112.445
267 10.4915 8.39536 1.34611 20.233
268 85.3727 32.673 2.81221 120.858
269 1.52844 22.5425 2.11704 26.1879
270 2.0865 1.16823 9.28177 12.5365
271 22.4706 4.1628 13.3642 39.9977
272 7.26905 28.3852 24.076 59.7303
273 22.6746 5.40924 11.6304 39.7142
274 5.90775 4.34058 17.0609 27.3092
275 2.70368 1.46932 15.2201 19.3931
276 32.6898 3.92317 4.95638 41.5693
277 20.4659 44.4687 70.9943 135.929
278 11.6626 2.70311 5.52634 19.892
279 4.78163 22.402 7.30048 34.4841
280 118.706 3.51341 14.855 137.074
281 9.48182 17.2453 1.93283 28.6599
282 4.94482 2.69264 80.1687 87.8062
283 5.4989 2.0651 5.20586 12.7699
284 11.7637 7.38782 2.65243 21.8039
285 34.8632 11.3739 2.03835 48.2754
286 5.35173 1.71308 3.64429 10.7091
287 4.09975 5.29647 4.15901 13.5552
288 11.6404 34.1805 31.0336 76.8546
289 3.754 19.0708 3.03273 25.8575
290 8.06633 2.34162 43.1271 53.535
291 31.3837 6.70167 31.4013 69.4867
292 29.8125 106.605 12.8239 149.242
293 4.66184 27.1751 26.8429 58.6798
294 21.5947 2.83883 50.851 75.2845
295 8.36345 5.75885 1.48497 15.6073
296 3.43255 4.0716 4.10793 11.6121
297 22.6363 29.3783 16.0481 68.0628
298 8.88237 26.4654 4.60333 39.9511
299 15.6754 7.8274 1.19682 24.6996
300 20.6283 54.1646 3.94125 78.7341
301 13.7647 42.4755 70.8069 127.047
302 62.1694 24.5847 19.5303 106.284
303 35.1532 77.6689 18.1977 131.02
304 13.3135 9.01365 6.21669 28.5439
305 16.0753 4.08169 7.59726 27.7542
306 58.2777 63.5076 3.3881 125.173
307 0.985794 15.9585 27.3469 44.2912
308 34.5561 3.95105 62.6211 101.128
309 14.2217 3.58683 3.71708 21.5256
310 63.5039 3.46354 10.8962 77.8636
311 6.57959 77.9849 20.7552 105.32
312 3.03716 288.521 34.5348 326.093
313 7.43526 40.9718 5.64639 54.0534
314 109.769 95.1811 15.9351 220.886
315 21.8457 15.495 15.3252 52.6659
316 5.94173 5.63866 3.81474 15.3951
317 13.5162 7.77691 28.066 49.359
318 3.12743 17.4305 1.36901 21.9269
319 20.6896 47.1638 47.3003 115.154
320 23.8127 2.10264 14.1926 40.1079
321 28.6073 8.78404 4.74034 42.1317
322 5.03978 28.2777 49.4323 82.7499
323 6.03116 2.01923 1.5157 9.5661
324 20.5775 11.2727 30.2059 62.0561
325 1.99382 57.5534 36.8367 96.3839
326 150.704 13.0368 5.5657 169.306
327 3.01894 34.4249 21.6975 59.1414
328 6.62928 37.6692 4.80584 49.1043
329 45.366 2.39682 1.77246 49.5353
330 5.82933 57.7858 2.97343 66.5885
331 20.8655 6.61912 53.7772 81.2618
332 3.61874 0.90054 1.17125 5.69053
333 15.9316 23.2056 19.692 58.8292
334 9.037 8.43357 31.7554 49.226
335 28.8192 3.39951 4.07687 36.2956
336 2.80796 2.30493 6.60174 11.7146
337 31.9756 2.81192 42.3057 77.0933
338 134.006 75.4911 32.4488 241.946
339 13.9665 15.8321 1.74461 31.5432
340 23.6683 44.2277 32.2865 100.183
341 5.62803 5.54404 3.31381 14.4859
342 3.26496 11.4569 5.55451 20.2764
343 18.9871 8.00763 10.2153 37.21
344 27.462 35.4833 3.40847 66.3537
345 13.7982 2.71514 5.30372 21.817
346 53.2098 4.86026 6.63242 64.7025
347 29.406 115.915 94.9365 240.258
348 1.67834 23.9326 10.6433 36.2543
349 7.68502 5.97693 10.8786 24.5406
350 23.0996 26.2399 72.6738 122.013
351 17.9436 11.5332 4.55993 34.0367
352 3.12193 5.91869 2.42156 11.4622
353 9.15861 188.148 12.3471 209.654
354 6.26732 1.927 43.8791 52.0734
355 35.5006 5.07583 22.0915 62.6679
356 4.73392 56.9897 68.6709 130.395
357 1.97487 66.6951 16.0794 84.7494
358 1.64711 30.2761 21.1669 53.0901
359 12.4376 37.2107 3.36889 53.0172
360 26.9998 48.0355 35.5409 110.576
361 5.04137 12.6152 28.7581 46.4147
362 4.63534 7.8882 36.1735 48.697
363 42.6966 9.81854 11.5267 64.0418
364 8.38489 53.9623 13.0327 75.3799
365 12.3077 45.352 50.4335 108.093
366 12.6554 45.56 12.7081 70.9235
367 2.93485 10.0011 16.5869 29.5228
368 5.19215 36.7075 5.72381 47.6235
369 2.80822 16.4117 8.82791 28.0478
370 34.1907 39.374 19.974 93.5387
371 8.67331 60.0881 25.8475 94.6088
372 19.1091 15.7094 4.22229 39.0408
373 147.601 8.13398 8.3918 164.127
374 99.7468 1.21343 6.99138 107.952
375 3.30399 83.3637 27.1002 113.768
376 1.239 100.696 6.581 108.516
377 6.31915 6.21399 8.33309 20.8662
378 1.03576 12.6944 8.99508 22.7253
379 1.50728 1.3035 4.6191 7.42989
380 8.07363 42.443 67.0613 117.578
381 33.4689 26.7288 2.39454 62.5923
382 25.3382 3.86242 2.08334 31.2839
383 9.94353 4.08631 10.1962 24.226
384 1.80783 7.98727 32.7128 42.5079
385 2.51739 15.5041 71.2329 89.2544
386 4.36923 38.2193 20.9078 63.4963
387 5.08642 1.39553 17.0251 23.507
388 6.02447 15.9955 9.57715 31.5972
389 8.23658 7.92397 26.8851 43.0457
390 3.63385 14.9732 3.25967 21.8667
391 3.82826 9.90427 5.35417 19.0867
392 46.2526 5.06906 20.7429 72.0646
393 4.33018 10.8215 79.2403 94.392
394 4.12339 6.32711 6.93979 17.3903
395 39.5226 30.5437 40.607 110.673
396 3.20718 7.32821 5.75689 16.2923
397 6.54188 74.592 31.6585 112.792
398 1.00423 46.8647 29.3266 77.1956
399 2.43627 0.772117 6.63861 9.847
400 2.72951 29.8507 107.323 139.904
401 20.3228 12.5318 3.97337 36.828
402 7.36378 1.72104 0.623462 9.70828
403 4.44647 6.82292 3.60375 14.8731
404 2.0424 96.428 54.6678 153.138
405 1.19124 14.254 92.8353 108.281
406 3.58707 4.4858 3.25439 11.3273
407 19.8141 11.3366 10.2648 41.4155
408 62.5737 11.6845 10.8602 85.1184
409 37.9797 15.319 10.0605 63.3591
410 25.7903 8.79673 10.0511 44.6382
411 2.50282 24.9773 12.5817 40.0618
412 19.1061 9.61062 2.12433 30.841
413 42.4175 11.6131 8.12407 62.1547
414 31.3145 3.98393 28.4676 63.766
415 13.3184 4.15768 42.7147 60.1908
416 18.6125 40.7189 56.4738 115.805
417 30.3555 29.5735 5.49795 65.4269
418 63.3698 7.23148 5.45882 76.0601
419 6.15363 153.639 202.223 362.016
420 5.01945 8.30128 2.53438 15.8551
421 16.3701 7.7568 0.879082 25.006
422 59.0298 11.0327 7.01189 77.0743
423 41.4504 20.9657 16.5995 79.0156
424 24.3535 42.7797 2.41465 69.5479
425 19.6421 12.567 13.4627 45.6718
426 10.886 1.22776 34.6258 46.7395
427 49.0751 5.89113 9.97774 64.944
428 19.5313 0.650853 53.4238 73.6059
429 14.9808 30.9678 3.80108 49.7497
430 1.3983 32.375 10.8435 44.6169
431 8.54388 20.1854 21.7193 50.4486
432 2.12007 1.60395 7.96684 11.6909
433 6.74835 22.7268 27.1443 56.6194
434 5.16861 25.0332 4.31772 34.5195
435 7.8637 66.9367 97.1074 171.908
436 28.1801 55.5932 2.65213 86.4254
437 3.63884 96.0108 1.01822 100.668
438 127.757 23.333 5.16592 156.256
439 14.6291 41.6243 29.7689 86.0222
440 18.3254 7.16952 31.8926 57.3876
441 22.9207 19.1035 25.1086 67.1328
442 41.2525 18.3698 34.116 93.7382
443 25.6625 2.48158 3.19499 31.339
444 19.7806 9.1201 5.77916 34.6799
445 2.56486 1.71116 54.4335 58.7095
446 26.1397 19.5521 23.3519 69.0437
447 19.2328 3.06633 27.7192 50.0183
448 9.83154 62.7007 15.752 88.2842
449 36.5558 46.7938 77.3349 160.685
450 8.79626 58.6647 16.4741 83.935
451 15.8525 15.1778 104.993 136.023
452 1.77422 4.08653 6.83985 12.7006
453 14.9012 16.1142 2.80259 33.818
454 31.1971 0.743863 112.143 144.084
455 13.1282 3.18842 8.2247 24.5413
456 1.94744 5.7944 2.61886 10.3607
457 2.56092 41.6845 71.6082 115.854
458 5.35081 13.4235 3.60396 22.3783
459 5.8382 45.8835 20.6091 72.3308
460 1.66267 12.3391 21.4872 35.489
461 13.3821 1.66231 39.3964 54.4408
462 7.34806 73.1401 54.7206 135.209
463 40.3495 4.94205 4.50101 49.7925
464 5.44886 9.04616 12.5722 27.0672
465 13.5803 22.828 8.63525 45.0435
466 2.467 29.72 8.65798 40.845
467 2.51248 50.2427 5.71979 58.475
468 9.76105 3.40188 13.1914 26.3544
469 3.04264 8.03869 14.8457 25.9271
470 6.0785 9.93488 1.20728 17.2207
471 4.32932 66.274 13.6142 84.2175
472 21.6074 56.0064 14.0949 91.7087
473 30.4306 32.3557 2.75447 65.5408
474 5.31622 1.78905 12.2937 19.399
475 69.4856 31.3933 10.2863 111.165
476 8.68591 127.454 4.36821 140.508
477 40.2065 16.3988 212.694 269.299
478 3.18552 26.053 5.54759 34.7861
479 21.9411 6.2078 17.5502 45.6992
480 2.07941 1.6532 3.23387 6.96648
481 37.4333 51.7891 15.1087 104.331
482 8.15223 1.90733 6.04604 16.1056
483 1.64797 2.58116 9.17865 13.4078
484 7.90164 27.1345 9.76186 44.798
485 3.36313 4.76175 78.1863 86.3112
486 14.6409 18.0089 13.0812 45.731
487 16.0436 2.92827 2.566 21.5378
488 5.31578 3.06988 9.87321 18.2589
489 60.3024 2.70933 17.7091 80.7209
490 47.3162 1.85363 25.201 74.3709
491 1.19998 15.7633 5.81239 22.7757
492 9.20278 2.93278 48.1303 60.2658
493 7.20594 12.2948 36.7318 56.2325
494 18.6924 55.0884 30.2286 104.009
495 51.9791 7.57768 4.81403 64.3709
496 2.95276 33.8573 33.5433 70.3533
497 3.89874 23.1667 12.8958 39.9613
498 29.9211 1.63557 19.8585 51.4152
499 40.7972 10.3628 3.79969 54.9596
500 10.0892 5.86128 16.5296 32.4801
501 24.7698 13.6614 6.12343 44.5547
502 36.3097 13.0317 12.8509 62.1922
503 64.8598 136.707 10.7345 212.302
504 203.892 10.6428 61.9203 276.455
505 86.4527 3.647 9.28438 99.3841
506 6.98701 62.3272 26.5217 95.8359
507 22.8316 24.2522 49.0401 96.1239
508 14.3413 8.25023 9.39202 31.9835
509 77.8653 5.52372 18.3161 101.705
510 69.8129 4.25691 50.2495 124.319
511 11.349 3.35896 11.4241 26.132
512 2.53389 1.95526 50.2968 54.7859
513 1.37569 64.3783 6.29205 72.046
514 5.62734 8.45791 0.956728 15.042
515 1.14295 53.7464 14.2731 69.1624
516 1.41947 2.73779 18.788 22.9453
517 4.48847 4.78882 39.5797 48.857
518 25.5142 1.77533 64.8902 92.1797
519 8.82477 2.16001 1.11814 12.1029
520 30.3293 22.1208 21.9103 74.3604
521 37.6256 1.67585 2.6163 41.9177
522 3.2278 45.3162 86.8565 135.4
523 35.0226 11.9101 12.4116 59.3443
524 5.74412 8.61136 0.493696 14.8492
525 1.25979 0.62313 16.821 18.704
526 2.07248 24.7942 192.999 219.866
527 15.3001 210.407 23.4799 249.187
528 64.1135 1.44239 1.56516 67.1211
529 51.9709 2.04468 10.5901 64.6057
530 5.79695 1.76545 8.31078 15.8732
531 12.4648 1.07814 1.08354 14.6265
532 7.9998 1.74834 1.61825 11.3664
533 25.8346 3.67458 26.5528 56.062
534 1.81097 5.92155 14.0054 21.7379
535 4.17273 1.90323 95.6966 101.773
536 18.399 8.41598 8.06143 34.8764
537 1.77389 1.71705 31.7651 35.2561
538 19.8205 13.7162 4.40213 37.9389
539 96.459 13.2272 12.4761 122.162
540 17.9077 8.48225 2.96064 29.3506
541 37.6233 36.515 51.9701 126.108
542 13.8834 3.87488 6.98345 24.7417
543 1.68118 16.8401 29.9699 48.4912
544 13.5924 0.541494 5.06845 19.2023
545 19.0927 2.55455 10.4568 32.104
546 39.8982 11.6893 59.5835 111.171
547 30.7884 4.75752 50.5771 86.123
548 26.5132 7.3293 10.0643 43.9068
549 4.75771 22.4117 32.9807 60.1501
550 13.4412 2.97137 4.5985 21.0111
551 36.0957 11.3917 1.55383 49.0413
552 28.8704 1.61819 1.59324 32.0819
553 33.561 93.1371 16.1432 142.841
554 80.5277 4.41334 19.7188 104.66
555 22.0535 3.82603 62.2713 88.1508
556 3.22736 1.54187 20.1408 24.91
557 35.7112 14.5662 3.5615 53.8389
558 2.72404 28.9617 24.7519 56.4376
559 27.113 3.37701 1.04055 31.5306
560 19.3112 10.9769 3.01485 33.3029
561 17.0833 8.1747 4.47936 29.7374
562 6.01788 3.24178 5.78897 15.0486
563 7.8513 4.56958 18.2582 30.6791
564 25.6648 6.84235 6.19162 38.6987
565 16.6356 7.59548 42.4358 66.6669
566 74.0482 10.2848 15.4103 99.7433
567 16.7478 11.6509 33.2878 61.6865
568 51.0276 17.3654 5.28532 73.6784
569 31.355 3.1321 30.1829 64.67
570 3.58847 1.45578 32.911 37.9552
571 3.46227 18.3094 11.8898 33.6614
572 9.87253 24.7124 25.0215 59.6065
573 2.18995 104.271 63.3685 169.83
574 32.4783 26.6236 7.20578 66.3077
575 0.428955 14.0691 3.06432 17.5624
576 23.5504 6.82145 27.4859 57.8577
577 1.55794 4.69549 27.5736 33.8271
578 28.2058 0.95704 53.4394 82.6023
579 2.93446 12.9606 20.4275 36.3225
580 5.49568 3.0745 2.00738 10.5776
581 47.9018 12.0334 31.0655 91.0007
582 0.760594 22.3925 52.2341 75.3872
583 15.3211 10.3353 5.27699 30.9335
584 3.76345 23.8478 10.681 38.2923
585 47.4087 8.19468 17.4166 73.0199
586 3.25822 13.7321 3.88315 20.8734
587 30.9719 16.3905 26.1672 73.5296
588 1.82984 1.48218 74.682 77.994
589 4.46975 16.8357 2.57435 23.8798
590 28.5986 2.13761 44.4865 75.2227
591 9.97882 3.45124 9.08282 22.5129
592 18.6229 1.90488 56.4044 76.9322
593 16.2787 57.8859 2.02801 76.1926
594 45.5124 0.947827 34.5224 80.9826
595 21.3922 87.175 9.14844 117.716
596 48.7735 19.039 2.39287 70.2054
597 15.5261 1.91925 3.74642 21.1917
598 98.2447 5.37157 27.3222 130.938
599 8.63617 1.74476 39.5787 49.9596
600 1.40297 8.03372 14.439 23.8757
601 27.2848 37.7382 14.4513 79.4743
602 47.5751 1.86262 9.38801 58.8258
603 36.2641 21.8394 8.0945 66.198
604 1.25399 15.8137 38.6127 55.6804
605 63.2537 1.41144 1.4707 66.1358
606 39.8615 0.768064 3.49926 44.1288
607 9.5322 6.83896 0.94249 17.3136
608 1.28161 6.10498 7.71038 15.097
609 0.702867 3.93502 105.672 110.31
610 110.552 15.3979 10.4695 136.42
611 7.02221 26.9412 18.5473 52.5107
612 30.2349 10.1317 3.86539 44.232
613 6.63185 13.4196 10.1383 30.1897
614 10.3157 2.3432 16.2481 28.907
615 4.68553 4.48221 1.23156 10.3993
616 8.84203 35.1075 1.6086 45.5581
617 9.95338 12.0361 36.4063 58.3958
618 116.222 25.1516 4.39407 145.768
619 2.63616 4.303 13.0265 19.9657
620 53.7394 3.51624 61.8692 119.125
621 1.42276 47.8871 43.8237 93.1336
622 41.1571 4.34507 3.61763 49.1198
623 10.2222 16.0623 6.24887 32.5334
624 50.0166 40.5842 13.2528 103.854
625 3.35673 1.20763 11.4406 16.0049
626 29.0143 4.11227 1.47142 34.598
627 3.71757 25.1997 19.683 48.6002
628 5.44292 3.41552 10.5344 19.3929
629 22.1501 270.724 1.12743 294.002
630 1.08747 1.81713 1.37267 4.27728
631 64.1177 192.969 2.03997 259.126
632 46.017 122.522 37.4205 205.959
633 37.7215 1.88277 62.7914 102.396
634 16.1614 6.15163 5.74626 28.0593
635 8.03986 41.3209 1.71875 51.0795
636 2.87601 2.85825 8.60447 14.3387
637 2.06019 45.6157 2.35585 50.0317
638 10.5786 33.0066 8.64565 52.2308
639 9.38426 49.7236 65.7152 124.823
640 5.65147 4.39919 2.87236 12.923
641 6.81175 24.2372 26.6714 57.7203
642 19.0063 78.722 7.51171 105.24
643 2.44504 24.0298 24.0447 50.5195
644 27.6434 2.86856 21.0863 51.5982
645 36.4652 28.1161 1.57232 66.1537
646 7.5026 1.9033 38.3594 47.7653
647 103.339 10.9008 2.59895 116.838
648 30.4362 3.00161 7.0996 40.5374
649 2.58861 2.04162 88.0554 92.6856
650 32.5678 2.13035 98.758 133.456
651 68.2913 2.17333 7.92543 78.3901
652 65.4829 3.13421 1.94908 70.5661
653 16.3594 8.30752 2.70117 27.3681
654 5.9014 23.1953 2.09528 31.1919
655 32.3834 6.48044 12.4967 51.3605
656 4.346 119.747 18.5798 142.673
657 27.2657 15.3951 1.02261 43.6835
658 1.0513 12.8376 27.0176 40.9064
659 8.73208 17.5426 13.6013 39.8759
660 14.1592 21.1388 11.5488 46.8469
661 11.3157 13.5095 18.7676 43.5928
662 20.0466 1.51127 41.3898 62.9476
663 39.5171 32.3683 0.934361 72.8197
664 7.23723 156.5 65.062 228.799
665 6.80103 19.6233 70.5047 96.9291
666 5.40552 5.85178 1.28251 12.5398
667 2.26399 28.2258 2.12639 32.6162
668 23.4895 37.0933 42.268 102.851
669 0.99278 3.15959 10.9985 15.1509
670 124.786 1.81546 1.5689 128.171
671 18.2955 17.3657 4.0252 39.6864
672 37.0669 66.843 204.023 307.933
673 1.43853 2.31433 63.5874 67.3402
674 24.2395 29.1556 20.6104 74.0054
675 8.63883 28.332 55.0962 92.0671
676 44.7617 5.0061 4.56969 54.3375
677 10.1832 6.33741 1.59392 18.1145
678 1.78397 47.3741 56.4174 105.575
679 26.9378 5.24164 1.88169 34.0611
680 7.63682 126.685 4.52094 138.843
681 5.1404 20.6456 34.4405 60.2265
682 1.43061 62.7044 35.0561 99.1912
683 24.0187 2.32111 36.4552 62.7951
684 28.6353 4.2301 52.9848 85.8502
685 3.08364 2.92945 15.1797 21.1928
686 19.9177 14.419 20.6241 54.9608
687 98.5536 13.1783 13.1306 124.862
688 13.0794 174.185 7.44063 194.705
689 26.838 1.11411 33.3331 61.2852
690 3.03425 22.3966 2.28386 27.7147
691 2.76009 24.5159 12.0082 39.2842
692 36.8405 2.68692 5.72792 45.2553
693 38.7474 13.5158 3.98313 56.2463
694 13.7447 3.20831 19.4715 36.4245
695 72.9326 5.93254 4.65948 83.5246
696 21.6781 9.12677 26.5051 57.31
697 16.8212 7.28415 39.7019 63.8072
698 9.94573 32.8651 25.9123 68.7231
699 1.99439 16.2973 3.56941 21.8611
700 21.3502 58.5325 36.7181 116.601
701 4.96845 20.2336 15.1194 40.3215
702 0.979156 10.9715 1.28798 13.2386
703 99.9165 18.6101 9.59005 128.117
704 36.4054 22.1761 14.4149 72.9963
705 12.2915 30.3448 64.0188 106.655
706 2.08441 4.91032 23.7727 30.7674
707 0.970581 42.2985 3.35048 46.6195
708 37.2596 29.1549 30.9272 97.3417
709 4.33721 36.3518 5.71857 46.4076
710 10.8713 5.59864 6.31189 22.7818
711 66.5947 25.0875 18.2429 109.925
712 11.6926 0.993425 10.5687 23.2547
713 76.5389 58.8011 46.2568 181.597
714 21.5692 7.95083 53.3719 82.892
715 18.3261 1.18998 4.55205 24.0681
716 41.9621 17.2235 4.88062 64.0663
717 14.0784 13.0207 10.3101 37.4092
718 13.7744 2.46827 3.62368 19.8663
719 12.7146 14.3107 84.1826 111.208
720 66.9889 6.3267 17.8157 91.1313
721 5.79699 20.1615 5.40209 31.3606
722 10.5938 12.3866 41.3557 64.336
723 66.6553 6.89818 27.4469 101
724 1.1521 7.78484 8.52344 17.4604
725 8.659 70.8363 88.0941 167.589
726 48.8945 8.29899 5.66899 62.8625
727 12.336 13.2495 29.3701 54.9556
728 5.17858 23.026 9.17266 37.3772
729 9.52476 14.7068 1.46542 25.697
